2020-02-13 14:35:36 Warning: Headers already sent in D:\programs\xampp\htdocs\garnishee\vendor\cakephp\cakephp\src\Error\Debugger.php:856
2020-02-13 14:35:36 Warning: Headers already sent in D:\programs\xampp\htdocs\garnishee\vendor\cakephp\cakephp\src\Error\Debugger.php:856
2020-02-13 14:35:36 Warning: Headers already sent in D:\programs\xampp\htdocs\garnishee\vendor\cakephp\cakephp\src\Error\Debugger.php:856
2020-02-13 14:35:36 Warning: Headers already sent in D:\programs\xampp\htdocs\garnishee\vendor\cakephp\cakephp\src\Error\Debugger.php:856
2020-02-13 14:35:36 Warning: Headers already sent in D:\programs\xampp\htdocs\garnishee\vendor\cakephp\cakephp\src\Error\Debugger.php:856
2020-02-13 14:35:36 Warning: Headers already sent in D:\programs\xampp\htdocs\garnishee\vendor\cakephp\cakephp\src\Error\Debugger.php:856
2020-02-13 14:35:36 Warning: Headers already sent in D:\programs\xampp\htdocs\garnishee\vendor\cakephp\cakephp\src\Error\Debugger.php:856
2020-02-13 14:35:36 Warning: Headers already sent in D:\programs\xampp\htdocs\garnishee\vendor\cakephp\cakephp\src\Error\Debugger.php:856
2020-02-13 14:35:36 Warning: Headers already sent in D:\programs\xampp\htdocs\garnishee\vendor\cakephp\cakephp\src\Error\Debugger.php:856
2020-02-13 14:35:36 Warning: Headers already sent in D:\programs\xampp\htdocs\garnishee\vendor\cakephp\cakephp\src\Error\Debugger.php:856
2020-02-13 14:35:37 Warning: Headers already sent in D:\programs\xampp\htdocs\garnishee\vendor\cakephp\cakephp\src\Error\Debugger.php:856
2020-02-13 14:35:37 Warning: Headers already sent in D:\programs\xampp\htdocs\garnishee\vendor\cakephp\cakephp\src\Error\Debugger.php:856
2020-02-13 14:35:37 Warning: Headers already sent in D:\programs\xampp\htdocs\garnishee\vendor\cakephp\cakephp\src\Error\Debugger.php:856
2020-02-13 14:35:37 Warning: Headers already sent in D:\programs\xampp\htdocs\garnishee\vendor\cakephp\cakephp\src\Error\Debugger.php:856
2020-02-13 14:37:27 Warning: Headers already sent in D:\programs\xampp\htdocs\garnishee\vendor\cakephp\cakephp\src\Error\Debugger.php:856
2020-02-13 14:37:27 Warning: Headers already sent in D:\programs\xampp\htdocs\garnishee\vendor\cakephp\cakephp\src\Error\Debugger.php:856
2020-02-13 14:37:27 Warning: Headers already sent in D:\programs\xampp\htdocs\garnishee\vendor\cakephp\cakephp\src\Error\Debugger.php:856
2020-02-13 14:37:27 Warning: Headers already sent in D:\programs\xampp\htdocs\garnishee\vendor\cakephp\cakephp\src\Error\Debugger.php:856
2020-02-13 14:37:27 Warning: Headers already sent in D:\programs\xampp\htdocs\garnishee\vendor\cakephp\cakephp\src\Error\Debugger.php:856
2020-02-13 14:37:27 Warning: Headers already sent in D:\programs\xampp\htdocs\garnishee\vendor\cakephp\cakephp\src\Error\Debugger.php:856
2020-02-13 14:37:27 Warning: Headers already sent in D:\programs\xampp\htdocs\garnishee\vendor\cakephp\cakephp\src\Error\Debugger.php:856
2020-02-13 14:37:27 Warning: Headers already sent in D:\programs\xampp\htdocs\garnishee\vendor\cakephp\cakephp\src\Error\Debugger.php:856
2020-02-13 14:37:27 Warning: Headers already sent in D:\programs\xampp\htdocs\garnishee\vendor\cakephp\cakephp\src\Error\Debugger.php:856
2020-02-13 14:37:27 Warning: Headers already sent in D:\programs\xampp\htdocs\garnishee\vendor\cakephp\cakephp\src\Error\Debugger.php:856
2020-02-13 14:37:27 Warning: Headers already sent in D:\programs\xampp\htdocs\garnishee\vendor\cakephp\cakephp\src\Error\Debugger.php:856
2020-02-13 14:37:27 Warning: Headers already sent in D:\programs\xampp\htdocs\garnishee\vendor\cakephp\cakephp\src\Error\Debugger.php:856
2020-02-13 14:37:28 Warning: Headers already sent in D:\programs\xampp\htdocs\garnishee\vendor\cakephp\cakephp\src\Error\Debugger.php:856
2020-02-13 14:37:28 Warning: Headers already sent in D:\programs\xampp\htdocs\garnishee\vendor\cakephp\cakephp\src\Error\Debugger.php:856
2020-02-13 14:38:45 Warning: Headers already sent in D:\programs\xampp\htdocs\garnishee\vendor\cakephp\cakephp\src\Error\Debugger.php:856
2020-02-13 14:38:45 Warning: Headers already sent in D:\programs\xampp\htdocs\garnishee\vendor\cakephp\cakephp\src\Error\Debugger.php:856
2020-02-13 14:38:45 Warning: Headers already sent in D:\programs\xampp\htdocs\garnishee\vendor\cakephp\cakephp\src\Error\Debugger.php:856
2020-02-13 14:38:45 Warning: Headers already sent in D:\programs\xampp\htdocs\garnishee\vendor\cakephp\cakephp\src\Error\Debugger.php:856
2020-02-13 14:38:45 Warning: Headers already sent in D:\programs\xampp\htdocs\garnishee\vendor\cakephp\cakephp\src\Error\Debugger.php:856
2020-02-13 14:38:45 Warning: Headers already sent in D:\programs\xampp\htdocs\garnishee\vendor\cakephp\cakephp\src\Error\Debugger.php:856
2020-02-13 14:38:45 Warning: Headers already sent in D:\programs\xampp\htdocs\garnishee\vendor\cakephp\cakephp\src\Error\Debugger.php:856
2020-02-13 14:38:46 Warning: Headers already sent in D:\programs\xampp\htdocs\garnishee\vendor\cakephp\cakephp\src\Error\Debugger.php:856
2020-02-13 14:38:46 Warning: Headers already sent in D:\programs\xampp\htdocs\garnishee\vendor\cakephp\cakephp\src\Error\Debugger.php:856
2020-02-13 14:38:46 Warning: Headers already sent in D:\programs\xampp\htdocs\garnishee\vendor\cakephp\cakephp\src\Error\Debugger.php:856
2020-02-13 14:38:46 Warning: Headers already sent in D:\programs\xampp\htdocs\garnishee\vendor\cakephp\cakephp\src\Error\Debugger.php:856
2020-02-13 14:38:46 Warning: Headers already sent in D:\programs\xampp\htdocs\garnishee\vendor\cakephp\cakephp\src\Error\Debugger.php:856
2020-02-13 14:38:46 Warning: Headers already sent in D:\programs\xampp\htdocs\garnishee\vendor\cakephp\cakephp\src\Error\Debugger.php:856
2020-02-13 14:38:46 Warning: Headers already sent in D:\programs\xampp\htdocs\garnishee\vendor\cakephp\cakephp\src\Error\Debugger.php:856
2020-02-13 14:39:08 Warning: Headers already sent in D:\programs\xampp\htdocs\garnishee\vendor\cakephp\cakephp\src\Error\Debugger.php:856
2020-02-13 14:39:08 Warning: Headers already sent in D:\programs\xampp\htdocs\garnishee\vendor\cakephp\cakephp\src\Error\Debugger.php:856
2020-02-13 14:39:08 Warning: Headers already sent in D:\programs\xampp\htdocs\garnishee\vendor\cakephp\cakephp\src\Error\Debugger.php:856
2020-02-13 14:39:08 Warning: Headers already sent in D:\programs\xampp\htdocs\garnishee\vendor\cakephp\cakephp\src\Error\Debugger.php:856
2020-02-13 14:39:08 Warning: Headers already sent in D:\programs\xampp\htdocs\garnishee\vendor\cakephp\cakephp\src\Error\Debugger.php:856
2020-02-13 14:39:08 Warning: Headers already sent in D:\programs\xampp\htdocs\garnishee\vendor\cakephp\cakephp\src\Error\Debugger.php:856
2020-02-13 14:39:08 Warning: Headers already sent in D:\programs\xampp\htdocs\garnishee\vendor\cakephp\cakephp\src\Error\Debugger.php:856
2020-02-13 14:39:08 Warning: Headers already sent in D:\programs\xampp\htdocs\garnishee\vendor\cakephp\cakephp\src\Error\Debugger.php:856
2020-02-13 14:39:09 Warning: Headers already sent in D:\programs\xampp\htdocs\garnishee\vendor\cakephp\cakephp\src\Error\Debugger.php:856
2020-02-13 14:39:09 Warning: Headers already sent in D:\programs\xampp\htdocs\garnishee\vendor\cakephp\cakephp\src\Error\Debugger.php:856
2020-02-13 14:39:09 Warning: Headers already sent in D:\programs\xampp\htdocs\garnishee\vendor\cakephp\cakephp\src\Error\Debugger.php:856
2020-02-13 14:39:09 Warning: Headers already sent in D:\programs\xampp\htdocs\garnishee\vendor\cakephp\cakephp\src\Error\Debugger.php:856
2020-02-13 14:39:09 Warning: Headers already sent in D:\programs\xampp\htdocs\garnishee\vendor\cakephp\cakephp\src\Error\Debugger.php:856
2020-02-13 14:39:09 Warning: Headers already sent in D:\programs\xampp\htdocs\garnishee\vendor\cakephp\cakephp\src\Error\Debugger.php:856
2020-02-13 14:58:41 Error: [Cake\View\Exception\MissingTemplateException] Template file "Users\admin_home.ctp" is missing. in D:\programs\xampp\htdocs\garnishee\vendor\cakephp\cakephp\src\View\View.php on line 1583
Exception Attributes: array (
  'file' => 'Users\\admin_home.ctp',
)
Stack Trace:
#0 D:\programs\xampp\htdocs\garnishee\vendor\cakephp\cakephp\src\View\View.php(875): Cake\View\View->_getViewFileName('Users\\admin_hom...')
#1 D:\programs\xampp\htdocs\garnishee\vendor\cakephp\cakephp\src\Controller\Controller.php(795): Cake\View\View->render(NULL, NULL)
#2 D:\programs\xampp\htdocs\garnishee\vendor\cakephp\cakephp\src\Http\ActionDispatcher.php(126): Cake\Controller\Controller->render()
#3 D:\programs\xampp\htdocs\garnishee\vendor\cakephp\cakephp\src\Http\ActionDispatcher.php(94): Cake\Http\ActionDispatcher->_invoke(Object(App\Controller\UsersController))
#4 D:\programs\xampp\htdocs\garnishee\vendor\cakephp\cakephp\src\Routing\Dispatcher.php(66): Cake\Http\ActionDispatcher->dispatch(Object(Cake\Http\ServerRequest), Object(Cake\Http\Response))
#5 D:\programs\xampp\htdocs\garnishee\webroot\index.php(36): Cake\Routing\Dispatcher->dispatch(Object(Cake\Http\ServerRequest), Object(Cake\Http\Response))
#6 {main}


Request URL: /users/admin-home
Referer URL: http://localhost/garnishee/users/login
2020-02-13 15:02:32 Warning: Headers already sent in D:\programs\xampp\htdocs\garnishee\vendor\cakephp\cakephp\src\Error\Debugger.php:856
